ARM GAS  C:\Users\Edwin\AppData\Local\Temp\ccOBBL95.s 			page 1


   1              		.cpu cortex-m0
   2              		.eabi_attribute 20, 1
   3              		.eabi_attribute 21, 1
   4              		.eabi_attribute 23, 3
   5              		.eabi_attribute 24, 1
   6              		.eabi_attribute 25, 1
   7              		.eabi_attribute 26, 1
   8              		.eabi_attribute 30, 1
   9              		.eabi_attribute 34, 0
  10              		.eabi_attribute 18, 4
  11              		.file	"gpio.c"
  12              		.text
  13              	.Ltext0:
  14              		.cfi_sections	.debug_frame
  15              		.section	.text.MX_GPIO_Init,"ax",%progbits
  16              		.align	1
  17              		.global	MX_GPIO_Init
  18              		.arch armv6s-m
  19              		.syntax unified
  20              		.code	16
  21              		.thumb_func
  22              		.fpu softvfp
  24              	MX_GPIO_Init:
  25              	.LFB40:
  26              		.file 1 "Core/Src/gpio.c"
   1:Core/Src/gpio.c **** /**
   2:Core/Src/gpio.c ****   ******************************************************************************
   3:Core/Src/gpio.c ****   * File Name          : gpio.c
   4:Core/Src/gpio.c ****   * Description        : This file provides code for the configuration
   5:Core/Src/gpio.c ****   *                      of all used GPIO pins.
   6:Core/Src/gpio.c ****   ******************************************************************************
   7:Core/Src/gpio.c ****   * @attention
   8:Core/Src/gpio.c ****   *
   9:Core/Src/gpio.c ****   * <h2><center>&copy; Copyright (c) 2021 STMicroelectronics.
  10:Core/Src/gpio.c ****   * All rights reserved.</center></h2>
  11:Core/Src/gpio.c ****   *
  12:Core/Src/gpio.c ****   * This software component is licensed by ST under BSD 3-Clause license,
  13:Core/Src/gpio.c ****   * the "License"; You may not use this file except in compliance with the
  14:Core/Src/gpio.c ****   * License. You may obtain a copy of the License at:
  15:Core/Src/gpio.c ****   *                        opensource.org/licenses/BSD-3-Clause
  16:Core/Src/gpio.c ****   *
  17:Core/Src/gpio.c ****   ******************************************************************************
  18:Core/Src/gpio.c ****   */
  19:Core/Src/gpio.c **** 
  20:Core/Src/gpio.c **** /* Includes ------------------------------------------------------------------*/
  21:Core/Src/gpio.c **** #include "gpio.h"
  22:Core/Src/gpio.c **** /* USER CODE BEGIN 0 */
  23:Core/Src/gpio.c **** 
  24:Core/Src/gpio.c **** /* USER CODE END 0 */
  25:Core/Src/gpio.c **** 
  26:Core/Src/gpio.c **** /*----------------------------------------------------------------------------*/
  27:Core/Src/gpio.c **** /* Configure GPIO                                                             */
  28:Core/Src/gpio.c **** /*----------------------------------------------------------------------------*/
  29:Core/Src/gpio.c **** /* USER CODE BEGIN 1 */
  30:Core/Src/gpio.c **** 
  31:Core/Src/gpio.c **** /* USER CODE END 1 */
  32:Core/Src/gpio.c **** 
ARM GAS  C:\Users\Edwin\AppData\Local\Temp\ccOBBL95.s 			page 2


  33:Core/Src/gpio.c **** /** Configure pins as
  34:Core/Src/gpio.c ****         * Analog
  35:Core/Src/gpio.c ****         * Input
  36:Core/Src/gpio.c ****         * Output
  37:Core/Src/gpio.c ****         * EVENT_OUT
  38:Core/Src/gpio.c ****         * EXTI
  39:Core/Src/gpio.c ****         * Free pins are configured automatically as Analog (this feature is enabled through
  40:Core/Src/gpio.c ****         * the Code Generation settings)
  41:Core/Src/gpio.c **** */
  42:Core/Src/gpio.c **** void MX_GPIO_Init(void)
  43:Core/Src/gpio.c **** {
  27              		.loc 1 43 1 view -0
  28              		.cfi_startproc
  29              		@ args = 0, pretend = 0, frame = 32
  30              		@ frame_needed = 0, uses_anonymous_args = 0
  31 0000 30B5     		push	{r4, r5, lr}
  32              	.LCFI0:
  33              		.cfi_def_cfa_offset 12
  34              		.cfi_offset 4, -12
  35              		.cfi_offset 5, -8
  36              		.cfi_offset 14, -4
  37 0002 89B0     		sub	sp, sp, #36
  38              	.LCFI1:
  39              		.cfi_def_cfa_offset 48
  44:Core/Src/gpio.c **** 
  45:Core/Src/gpio.c ****   GPIO_InitTypeDef GPIO_InitStruct = {0};
  40              		.loc 1 45 3 view .LVU1
  41              		.loc 1 45 20 is_stmt 0 view .LVU2
  42 0004 0822     		movs	r2, #8
  43 0006 0021     		movs	r1, #0
  44 0008 06A8     		add	r0, sp, #24
  45 000a FFF7FEFF 		bl	memset
  46              	.LVL0:
  46:Core/Src/gpio.c **** 
  47:Core/Src/gpio.c ****   /* GPIO Ports Clock Enable */
  48:Core/Src/gpio.c ****   __HAL_RCC_GPIOF_CLK_ENABLE();
  47              		.loc 1 48 3 is_stmt 1 view .LVU3
  48              	.LBB2:
  49              		.loc 1 48 3 view .LVU4
  50              		.loc 1 48 3 view .LVU5
  51 000e 1D4B     		ldr	r3, .L2
  52 0010 5969     		ldr	r1, [r3, #20]
  53 0012 8020     		movs	r0, #128
  54 0014 C003     		lsls	r0, r0, #15
  55 0016 0143     		orrs	r1, r0
  56 0018 5961     		str	r1, [r3, #20]
  57              		.loc 1 48 3 view .LVU6
  58 001a 5A69     		ldr	r2, [r3, #20]
  59 001c 0240     		ands	r2, r0
  60 001e 0092     		str	r2, [sp]
  61              		.loc 1 48 3 view .LVU7
  62 0020 009A     		ldr	r2, [sp]
  63              	.LBE2:
  64              		.loc 1 48 3 view .LVU8
  49:Core/Src/gpio.c ****   __HAL_RCC_GPIOA_CLK_ENABLE();
  65              		.loc 1 49 3 view .LVU9
  66              	.LBB3:
ARM GAS  C:\Users\Edwin\AppData\Local\Temp\ccOBBL95.s 			page 3


  67              		.loc 1 49 3 view .LVU10
  68              		.loc 1 49 3 view .LVU11
  69 0022 5969     		ldr	r1, [r3, #20]
  70 0024 8020     		movs	r0, #128
  71 0026 8002     		lsls	r0, r0, #10
  72 0028 0143     		orrs	r1, r0
  73 002a 5961     		str	r1, [r3, #20]
  74              		.loc 1 49 3 view .LVU12
  75 002c 5A69     		ldr	r2, [r3, #20]
  76 002e 0240     		ands	r2, r0
  77 0030 0192     		str	r2, [sp, #4]
  78              		.loc 1 49 3 view .LVU13
  79 0032 019A     		ldr	r2, [sp, #4]
  80              	.LBE3:
  81              		.loc 1 49 3 view .LVU14
  50:Core/Src/gpio.c ****   __HAL_RCC_GPIOB_CLK_ENABLE();
  82              		.loc 1 50 3 view .LVU15
  83              	.LBB4:
  84              		.loc 1 50 3 view .LVU16
  85              		.loc 1 50 3 view .LVU17
  86 0034 5A69     		ldr	r2, [r3, #20]
  87 0036 8021     		movs	r1, #128
  88 0038 C902     		lsls	r1, r1, #11
  89 003a 0A43     		orrs	r2, r1
  90 003c 5A61     		str	r2, [r3, #20]
  91              		.loc 1 50 3 view .LVU18
  92 003e 5B69     		ldr	r3, [r3, #20]
  93 0040 0B40     		ands	r3, r1
  94 0042 0293     		str	r3, [sp, #8]
  95              		.loc 1 50 3 view .LVU19
  96 0044 029B     		ldr	r3, [sp, #8]
  97              	.LBE4:
  98              		.loc 1 50 3 view .LVU20
  51:Core/Src/gpio.c **** 
  52:Core/Src/gpio.c ****   /*Configure GPIO pin : PF1 */
  53:Core/Src/gpio.c ****   GPIO_InitStruct.Pin = GPIO_PIN_1;
  99              		.loc 1 53 3 view .LVU21
 100              		.loc 1 53 23 is_stmt 0 view .LVU22
 101 0046 0223     		movs	r3, #2
 102 0048 0393     		str	r3, [sp, #12]
  54:Core/Src/gpio.c ****   GPIO_InitStruct.Mode = GPIO_MODE_ANALOG;
 103              		.loc 1 54 3 is_stmt 1 view .LVU23
 104              		.loc 1 54 24 is_stmt 0 view .LVU24
 105 004a 0325     		movs	r5, #3
 106 004c 0495     		str	r5, [sp, #16]
  55:Core/Src/gpio.c ****   GPIO_InitStruct.Pull = GPIO_NOPULL;
 107              		.loc 1 55 3 is_stmt 1 view .LVU25
 108              		.loc 1 55 24 is_stmt 0 view .LVU26
 109 004e 0024     		movs	r4, #0
 110 0050 0594     		str	r4, [sp, #20]
  56:Core/Src/gpio.c ****   HAL_GPIO_Init(GPIOF, &GPIO_InitStruct);
 111              		.loc 1 56 3 is_stmt 1 view .LVU27
 112 0052 03A9     		add	r1, sp, #12
 113 0054 0C48     		ldr	r0, .L2+4
 114 0056 FFF7FEFF 		bl	HAL_GPIO_Init
 115              	.LVL1:
  57:Core/Src/gpio.c **** 
ARM GAS  C:\Users\Edwin\AppData\Local\Temp\ccOBBL95.s 			page 4


  58:Core/Src/gpio.c ****   /*Configure GPIO pins : PA0 PA1 PA3 PA4
  59:Core/Src/gpio.c ****                            PA5 PA6 PA7 PA8
  60:Core/Src/gpio.c ****                            PA9 PA10 PA11 PA12 */
  61:Core/Src/gpio.c ****   GPIO_InitStruct.Pin = GPIO_PIN_0|GPIO_PIN_1|GPIO_PIN_3|GPIO_PIN_4
 116              		.loc 1 61 3 view .LVU28
 117              		.loc 1 61 23 is_stmt 0 view .LVU29
 118 005a 0C4B     		ldr	r3, .L2+8
 119 005c 0393     		str	r3, [sp, #12]
  62:Core/Src/gpio.c ****                           |GPIO_PIN_5|GPIO_PIN_6|GPIO_PIN_7|GPIO_PIN_8
  63:Core/Src/gpio.c ****                           |GPIO_PIN_9|GPIO_PIN_10|GPIO_PIN_11|GPIO_PIN_12;
  64:Core/Src/gpio.c ****   GPIO_InitStruct.Mode = GPIO_MODE_ANALOG;
 120              		.loc 1 64 3 is_stmt 1 view .LVU30
 121              		.loc 1 64 24 is_stmt 0 view .LVU31
 122 005e 0495     		str	r5, [sp, #16]
  65:Core/Src/gpio.c ****   GPIO_InitStruct.Pull = GPIO_NOPULL;
 123              		.loc 1 65 3 is_stmt 1 view .LVU32
 124              		.loc 1 65 24 is_stmt 0 view .LVU33
 125 0060 0594     		str	r4, [sp, #20]
  66:Core/Src/gpio.c ****   HAL_GPIO_Init(GPIOA, &GPIO_InitStruct);
 126              		.loc 1 66 3 is_stmt 1 view .LVU34
 127 0062 9020     		movs	r0, #144
 128 0064 03A9     		add	r1, sp, #12
 129 0066 C005     		lsls	r0, r0, #23
 130 0068 FFF7FEFF 		bl	HAL_GPIO_Init
 131              	.LVL2:
  67:Core/Src/gpio.c **** 
  68:Core/Src/gpio.c ****   /*Configure GPIO pins : PB0 PB1 PB3 PB4
  69:Core/Src/gpio.c ****                            PB5 PB6 PB7 PB8 */
  70:Core/Src/gpio.c ****   GPIO_InitStruct.Pin = GPIO_PIN_0|GPIO_PIN_1|GPIO_PIN_3|GPIO_PIN_4
 132              		.loc 1 70 3 view .LVU35
 133              		.loc 1 70 23 is_stmt 0 view .LVU36
 134 006c FC23     		movs	r3, #252
 135 006e FF33     		adds	r3, r3, #255
 136 0070 0393     		str	r3, [sp, #12]
  71:Core/Src/gpio.c ****                           |GPIO_PIN_5|GPIO_PIN_6|GPIO_PIN_7|GPIO_PIN_8;
  72:Core/Src/gpio.c ****   GPIO_InitStruct.Mode = GPIO_MODE_ANALOG;
 137              		.loc 1 72 3 is_stmt 1 view .LVU37
 138              		.loc 1 72 24 is_stmt 0 view .LVU38
 139 0072 0495     		str	r5, [sp, #16]
  73:Core/Src/gpio.c ****   GPIO_InitStruct.Pull = GPIO_NOPULL;
 140              		.loc 1 73 3 is_stmt 1 view .LVU39
 141              		.loc 1 73 24 is_stmt 0 view .LVU40
 142 0074 0594     		str	r4, [sp, #20]
  74:Core/Src/gpio.c ****   HAL_GPIO_Init(GPIOB, &GPIO_InitStruct);
 143              		.loc 1 74 3 is_stmt 1 view .LVU41
 144 0076 03A9     		add	r1, sp, #12
 145 0078 0548     		ldr	r0, .L2+12
 146 007a FFF7FEFF 		bl	HAL_GPIO_Init
 147              	.LVL3:
  75:Core/Src/gpio.c **** 
  76:Core/Src/gpio.c **** }
 148              		.loc 1 76 1 is_stmt 0 view .LVU42
 149 007e 09B0     		add	sp, sp, #36
 150              		@ sp needed
 151 0080 30BD     		pop	{r4, r5, pc}
 152              	.L3:
 153 0082 C046     		.align	2
ARM GAS  C:\Users\Edwin\AppData\Local\Temp\ccOBBL95.s 			page 5


 154              	.L2:
 155 0084 00100240 		.word	1073876992
 156 0088 00140048 		.word	1207964672
 157 008c FB1F0000 		.word	8187
 158 0090 00040048 		.word	1207960576
 159              		.cfi_endproc
 160              	.LFE40:
 162              		.text
 163              	.Letext0:
 164              		.file 2 "c:\\program files (x86)\\gnu arm embedded toolchain\\9 2020-q2-update\\arm-none-eabi\\inc
 165              		.file 3 "c:\\program files (x86)\\gnu arm embedded toolchain\\9 2020-q2-update\\arm-none-eabi\\inc
 166              		.file 4 "Drivers/CMSIS/Device/ST/STM32F0xx/Include/system_stm32f0xx.h"
 167              		.file 5 "Drivers/CMSIS/Device/ST/STM32F0xx/Include/stm32f042x6.h"
 168              		.file 6 "Drivers/STM32F0xx_HAL_Driver/Inc/stm32f0xx_hal_gpio.h"
 169              		.file 7 "Drivers/STM32F0xx_HAL_Driver/Inc/stm32f0xx_hal.h"
 170              		.file 8 "<built-in>"
ARM GAS  C:\Users\Edwin\AppData\Local\Temp\ccOBBL95.s 			page 6


DEFINED SYMBOLS
                            *ABS*:00000000 gpio.c
C:\Users\Edwin\AppData\Local\Temp\ccOBBL95.s:16     .text.MX_GPIO_Init:00000000 $t
C:\Users\Edwin\AppData\Local\Temp\ccOBBL95.s:24     .text.MX_GPIO_Init:00000000 MX_GPIO_Init
C:\Users\Edwin\AppData\Local\Temp\ccOBBL95.s:155    .text.MX_GPIO_Init:00000084 $d

UNDEFINED SYMBOLS
memset
HAL_GPIO_Init
