ARM GAS  C:\Users\Edwin\AppData\Local\Temp\ccq7UxV9.s 			page 1


   1              		.cpu cortex-m0
   2              		.eabi_attribute 20, 1
   3              		.eabi_attribute 21, 1
   4              		.eabi_attribute 23, 3
   5              		.eabi_attribute 24, 1
   6              		.eabi_attribute 25, 1
   7              		.eabi_attribute 26, 1
   8              		.eabi_attribute 30, 1
   9              		.eabi_attribute 34, 0
  10              		.eabi_attribute 18, 4
  11              		.file	"usart.c"
  12              		.text
  13              	.Ltext0:
  14              		.cfi_sections	.debug_frame
  15              		.section	.text.MX_USART2_UART_Init,"ax",%progbits
  16              		.align	1
  17              		.global	MX_USART2_UART_Init
  18              		.arch armv6s-m
  19              		.syntax unified
  20              		.code	16
  21              		.thumb_func
  22              		.fpu softvfp
  24              	MX_USART2_UART_Init:
  25              	.LFB40:
  26              		.file 1 "Core/Src/usart.c"
   1:Core/Src/usart.c **** /**
   2:Core/Src/usart.c ****   ******************************************************************************
   3:Core/Src/usart.c ****   * File Name          : USART.c
   4:Core/Src/usart.c ****   * Description        : This file provides code for the configuration
   5:Core/Src/usart.c ****   *                      of the USART instances.
   6:Core/Src/usart.c ****   ******************************************************************************
   7:Core/Src/usart.c ****   * @attention
   8:Core/Src/usart.c ****   *
   9:Core/Src/usart.c ****   * <h2><center>&copy; Copyright (c) 2021 STMicroelectronics.
  10:Core/Src/usart.c ****   * All rights reserved.</center></h2>
  11:Core/Src/usart.c ****   *
  12:Core/Src/usart.c ****   * This software component is licensed by ST under BSD 3-Clause license,
  13:Core/Src/usart.c ****   * the "License"; You may not use this file except in compliance with the
  14:Core/Src/usart.c ****   * License. You may obtain a copy of the License at:
  15:Core/Src/usart.c ****   *                        opensource.org/licenses/BSD-3-Clause
  16:Core/Src/usart.c ****   *
  17:Core/Src/usart.c ****   ******************************************************************************
  18:Core/Src/usart.c ****   */
  19:Core/Src/usart.c **** 
  20:Core/Src/usart.c **** /* Includes ------------------------------------------------------------------*/
  21:Core/Src/usart.c **** #include "usart.h"
  22:Core/Src/usart.c **** 
  23:Core/Src/usart.c **** /* USER CODE BEGIN 0 */
  24:Core/Src/usart.c **** 
  25:Core/Src/usart.c **** /* USER CODE END 0 */
  26:Core/Src/usart.c **** 
  27:Core/Src/usart.c **** UART_HandleTypeDef huart2;
  28:Core/Src/usart.c **** 
  29:Core/Src/usart.c **** /* USART2 init function */
  30:Core/Src/usart.c **** 
  31:Core/Src/usart.c **** void MX_USART2_UART_Init(void)
  32:Core/Src/usart.c **** {
ARM GAS  C:\Users\Edwin\AppData\Local\Temp\ccq7UxV9.s 			page 2


  27              		.loc 1 32 1 view -0
  28              		.cfi_startproc
  29              		@ args = 0, pretend = 0, frame = 0
  30              		@ frame_needed = 0, uses_anonymous_args = 0
  31 0000 10B5     		push	{r4, lr}
  32              	.LCFI0:
  33              		.cfi_def_cfa_offset 8
  34              		.cfi_offset 4, -8
  35              		.cfi_offset 14, -4
  33:Core/Src/usart.c **** 
  34:Core/Src/usart.c ****   huart2.Instance = USART2;
  36              		.loc 1 34 3 view .LVU1
  37              		.loc 1 34 19 is_stmt 0 view .LVU2
  38 0002 0C48     		ldr	r0, .L4
  39 0004 0C4B     		ldr	r3, .L4+4
  40 0006 0360     		str	r3, [r0]
  35:Core/Src/usart.c ****   huart2.Init.BaudRate = 38400;
  41              		.loc 1 35 3 is_stmt 1 view .LVU3
  42              		.loc 1 35 24 is_stmt 0 view .LVU4
  43 0008 9623     		movs	r3, #150
  44 000a 1B02     		lsls	r3, r3, #8
  45 000c 4360     		str	r3, [r0, #4]
  36:Core/Src/usart.c ****   huart2.Init.WordLength = UART_WORDLENGTH_8B;
  46              		.loc 1 36 3 is_stmt 1 view .LVU5
  47              		.loc 1 36 26 is_stmt 0 view .LVU6
  48 000e 0023     		movs	r3, #0
  49 0010 8360     		str	r3, [r0, #8]
  37:Core/Src/usart.c ****   huart2.Init.StopBits = UART_STOPBITS_1;
  50              		.loc 1 37 3 is_stmt 1 view .LVU7
  51              		.loc 1 37 24 is_stmt 0 view .LVU8
  52 0012 C360     		str	r3, [r0, #12]
  38:Core/Src/usart.c ****   huart2.Init.Parity = UART_PARITY_NONE;
  53              		.loc 1 38 3 is_stmt 1 view .LVU9
  54              		.loc 1 38 22 is_stmt 0 view .LVU10
  55 0014 0361     		str	r3, [r0, #16]
  39:Core/Src/usart.c ****   huart2.Init.Mode = UART_MODE_TX_RX;
  56              		.loc 1 39 3 is_stmt 1 view .LVU11
  57              		.loc 1 39 20 is_stmt 0 view .LVU12
  58 0016 0C22     		movs	r2, #12
  59 0018 4261     		str	r2, [r0, #20]
  40:Core/Src/usart.c ****   huart2.Init.HwFlowCtl = UART_HWCONTROL_NONE;
  60              		.loc 1 40 3 is_stmt 1 view .LVU13
  61              		.loc 1 40 25 is_stmt 0 view .LVU14
  62 001a 8361     		str	r3, [r0, #24]
  41:Core/Src/usart.c ****   huart2.Init.OverSampling = UART_OVERSAMPLING_16;
  63              		.loc 1 41 3 is_stmt 1 view .LVU15
  64              		.loc 1 41 28 is_stmt 0 view .LVU16
  65 001c C361     		str	r3, [r0, #28]
  42:Core/Src/usart.c ****   huart2.Init.OneBitSampling = UART_ONE_BIT_SAMPLE_DISABLE;
  66              		.loc 1 42 3 is_stmt 1 view .LVU17
  67              		.loc 1 42 30 is_stmt 0 view .LVU18
  68 001e 0362     		str	r3, [r0, #32]
  43:Core/Src/usart.c ****   huart2.AdvancedInit.AdvFeatureInit = UART_ADVFEATURE_NO_INIT;
  69              		.loc 1 43 3 is_stmt 1 view .LVU19
  70              		.loc 1 43 38 is_stmt 0 view .LVU20
  71 0020 4362     		str	r3, [r0, #36]
  44:Core/Src/usart.c ****   if (HAL_UART_Init(&huart2) != HAL_OK)
ARM GAS  C:\Users\Edwin\AppData\Local\Temp\ccq7UxV9.s 			page 3


  72              		.loc 1 44 3 is_stmt 1 view .LVU21
  73              		.loc 1 44 7 is_stmt 0 view .LVU22
  74 0022 FFF7FEFF 		bl	HAL_UART_Init
  75              	.LVL0:
  76              		.loc 1 44 6 view .LVU23
  77 0026 0028     		cmp	r0, #0
  78 0028 00D1     		bne	.L3
  79              	.L1:
  45:Core/Src/usart.c ****   {
  46:Core/Src/usart.c ****     Error_Handler();
  47:Core/Src/usart.c ****   }
  48:Core/Src/usart.c **** 
  49:Core/Src/usart.c **** }
  80              		.loc 1 49 1 view .LVU24
  81              		@ sp needed
  82 002a 10BD     		pop	{r4, pc}
  83              	.L3:
  46:Core/Src/usart.c ****   }
  84              		.loc 1 46 5 is_stmt 1 view .LVU25
  85 002c FFF7FEFF 		bl	Error_Handler
  86              	.LVL1:
  87              		.loc 1 49 1 is_stmt 0 view .LVU26
  88 0030 FBE7     		b	.L1
  89              	.L5:
  90 0032 C046     		.align	2
  91              	.L4:
  92 0034 00000000 		.word	huart2
  93 0038 00440040 		.word	1073759232
  94              		.cfi_endproc
  95              	.LFE40:
  97              		.section	.text.HAL_UART_MspInit,"ax",%progbits
  98              		.align	1
  99              		.global	HAL_UART_MspInit
 100              		.syntax unified
 101              		.code	16
 102              		.thumb_func
 103              		.fpu softvfp
 105              	HAL_UART_MspInit:
 106              	.LVL2:
 107              	.LFB41:
  50:Core/Src/usart.c **** 
  51:Core/Src/usart.c **** void HAL_UART_MspInit(UART_HandleTypeDef* uartHandle)
  52:Core/Src/usart.c **** {
 108              		.loc 1 52 1 is_stmt 1 view -0
 109              		.cfi_startproc
 110              		@ args = 0, pretend = 0, frame = 32
 111              		@ frame_needed = 0, uses_anonymous_args = 0
 112              		.loc 1 52 1 is_stmt 0 view .LVU28
 113 0000 10B5     		push	{r4, lr}
 114              	.LCFI1:
 115              		.cfi_def_cfa_offset 8
 116              		.cfi_offset 4, -8
 117              		.cfi_offset 14, -4
 118 0002 88B0     		sub	sp, sp, #32
 119              	.LCFI2:
 120              		.cfi_def_cfa_offset 40
 121 0004 0400     		movs	r4, r0
ARM GAS  C:\Users\Edwin\AppData\Local\Temp\ccq7UxV9.s 			page 4


  53:Core/Src/usart.c **** 
  54:Core/Src/usart.c ****   GPIO_InitTypeDef GPIO_InitStruct = {0};
 122              		.loc 1 54 3 is_stmt 1 view .LVU29
 123              		.loc 1 54 20 is_stmt 0 view .LVU30
 124 0006 1422     		movs	r2, #20
 125 0008 0021     		movs	r1, #0
 126 000a 03A8     		add	r0, sp, #12
 127              	.LVL3:
 128              		.loc 1 54 20 view .LVU31
 129 000c FFF7FEFF 		bl	memset
 130              	.LVL4:
  55:Core/Src/usart.c ****   if(uartHandle->Instance==USART2)
 131              		.loc 1 55 3 is_stmt 1 view .LVU32
 132              		.loc 1 55 16 is_stmt 0 view .LVU33
 133 0010 2268     		ldr	r2, [r4]
 134              		.loc 1 55 5 view .LVU34
 135 0012 134B     		ldr	r3, .L9
 136 0014 9A42     		cmp	r2, r3
 137 0016 01D0     		beq	.L8
 138              	.L6:
  56:Core/Src/usart.c ****   {
  57:Core/Src/usart.c ****   /* USER CODE BEGIN USART2_MspInit 0 */
  58:Core/Src/usart.c **** 
  59:Core/Src/usart.c ****   /* USER CODE END USART2_MspInit 0 */
  60:Core/Src/usart.c ****     /* USART2 clock enable */
  61:Core/Src/usart.c ****     __HAL_RCC_USART2_CLK_ENABLE();
  62:Core/Src/usart.c **** 
  63:Core/Src/usart.c ****     __HAL_RCC_GPIOA_CLK_ENABLE();
  64:Core/Src/usart.c ****     /**USART2 GPIO Configuration
  65:Core/Src/usart.c ****     PA2     ------> USART2_TX
  66:Core/Src/usart.c ****     PA15     ------> USART2_RX
  67:Core/Src/usart.c ****     */
  68:Core/Src/usart.c ****     GPIO_InitStruct.Pin = VCP_TX_Pin|VCP_RX_Pin;
  69:Core/Src/usart.c ****     GPIO_InitStruct.Mode = GPIO_MODE_AF_PP;
  70:Core/Src/usart.c ****     GPIO_InitStruct.Pull = GPIO_NOPULL;
  71:Core/Src/usart.c ****     GPIO_InitStruct.Speed = GPIO_SPEED_FREQ_HIGH;
  72:Core/Src/usart.c ****     GPIO_InitStruct.Alternate = GPIO_AF1_USART2;
  73:Core/Src/usart.c ****     HAL_GPIO_Init(GPIOA, &GPIO_InitStruct);
  74:Core/Src/usart.c **** 
  75:Core/Src/usart.c ****   /* USER CODE BEGIN USART2_MspInit 1 */
  76:Core/Src/usart.c **** 
  77:Core/Src/usart.c ****   /* USER CODE END USART2_MspInit 1 */
  78:Core/Src/usart.c ****   }
  79:Core/Src/usart.c **** }
 139              		.loc 1 79 1 view .LVU35
 140 0018 08B0     		add	sp, sp, #32
 141              		@ sp needed
 142              	.LVL5:
 143              		.loc 1 79 1 view .LVU36
 144 001a 10BD     		pop	{r4, pc}
 145              	.LVL6:
 146              	.L8:
  61:Core/Src/usart.c **** 
 147              		.loc 1 61 5 is_stmt 1 view .LVU37
 148              	.LBB2:
  61:Core/Src/usart.c **** 
 149              		.loc 1 61 5 view .LVU38
ARM GAS  C:\Users\Edwin\AppData\Local\Temp\ccq7UxV9.s 			page 5


  61:Core/Src/usart.c **** 
 150              		.loc 1 61 5 view .LVU39
 151 001c 114B     		ldr	r3, .L9+4
 152 001e D969     		ldr	r1, [r3, #28]
 153 0020 8022     		movs	r2, #128
 154 0022 9202     		lsls	r2, r2, #10
 155 0024 1143     		orrs	r1, r2
 156 0026 D961     		str	r1, [r3, #28]
  61:Core/Src/usart.c **** 
 157              		.loc 1 61 5 view .LVU40
 158 0028 D969     		ldr	r1, [r3, #28]
 159 002a 1140     		ands	r1, r2
 160 002c 0191     		str	r1, [sp, #4]
  61:Core/Src/usart.c **** 
 161              		.loc 1 61 5 view .LVU41
 162 002e 0199     		ldr	r1, [sp, #4]
 163              	.LBE2:
  61:Core/Src/usart.c **** 
 164              		.loc 1 61 5 view .LVU42
  63:Core/Src/usart.c ****     /**USART2 GPIO Configuration
 165              		.loc 1 63 5 view .LVU43
 166              	.LBB3:
  63:Core/Src/usart.c ****     /**USART2 GPIO Configuration
 167              		.loc 1 63 5 view .LVU44
  63:Core/Src/usart.c ****     /**USART2 GPIO Configuration
 168              		.loc 1 63 5 view .LVU45
 169 0030 5969     		ldr	r1, [r3, #20]
 170 0032 1143     		orrs	r1, r2
 171 0034 5961     		str	r1, [r3, #20]
  63:Core/Src/usart.c ****     /**USART2 GPIO Configuration
 172              		.loc 1 63 5 view .LVU46
 173 0036 5B69     		ldr	r3, [r3, #20]
 174 0038 1A40     		ands	r2, r3
 175 003a 0292     		str	r2, [sp, #8]
  63:Core/Src/usart.c ****     /**USART2 GPIO Configuration
 176              		.loc 1 63 5 view .LVU47
 177 003c 029B     		ldr	r3, [sp, #8]
 178              	.LBE3:
  63:Core/Src/usart.c ****     /**USART2 GPIO Configuration
 179              		.loc 1 63 5 view .LVU48
  68:Core/Src/usart.c ****     GPIO_InitStruct.Mode = GPIO_MODE_AF_PP;
 180              		.loc 1 68 5 view .LVU49
  68:Core/Src/usart.c ****     GPIO_InitStruct.Mode = GPIO_MODE_AF_PP;
 181              		.loc 1 68 25 is_stmt 0 view .LVU50
 182 003e 0A4B     		ldr	r3, .L9+8
 183 0040 0393     		str	r3, [sp, #12]
  69:Core/Src/usart.c ****     GPIO_InitStruct.Pull = GPIO_NOPULL;
 184              		.loc 1 69 5 is_stmt 1 view .LVU51
  69:Core/Src/usart.c ****     GPIO_InitStruct.Pull = GPIO_NOPULL;
 185              		.loc 1 69 26 is_stmt 0 view .LVU52
 186 0042 0223     		movs	r3, #2
 187 0044 0493     		str	r3, [sp, #16]
  70:Core/Src/usart.c ****     GPIO_InitStruct.Speed = GPIO_SPEED_FREQ_HIGH;
 188              		.loc 1 70 5 is_stmt 1 view .LVU53
  70:Core/Src/usart.c ****     GPIO_InitStruct.Speed = GPIO_SPEED_FREQ_HIGH;
 189              		.loc 1 70 26 is_stmt 0 view .LVU54
 190 0046 0023     		movs	r3, #0
ARM GAS  C:\Users\Edwin\AppData\Local\Temp\ccq7UxV9.s 			page 6


 191 0048 0593     		str	r3, [sp, #20]
  71:Core/Src/usart.c ****     GPIO_InitStruct.Alternate = GPIO_AF1_USART2;
 192              		.loc 1 71 5 is_stmt 1 view .LVU55
  71:Core/Src/usart.c ****     GPIO_InitStruct.Alternate = GPIO_AF1_USART2;
 193              		.loc 1 71 27 is_stmt 0 view .LVU56
 194 004a 0333     		adds	r3, r3, #3
 195 004c 0693     		str	r3, [sp, #24]
  72:Core/Src/usart.c ****     HAL_GPIO_Init(GPIOA, &GPIO_InitStruct);
 196              		.loc 1 72 5 is_stmt 1 view .LVU57
  72:Core/Src/usart.c ****     HAL_GPIO_Init(GPIOA, &GPIO_InitStruct);
 197              		.loc 1 72 31 is_stmt 0 view .LVU58
 198 004e 023B     		subs	r3, r3, #2
 199 0050 0793     		str	r3, [sp, #28]
  73:Core/Src/usart.c **** 
 200              		.loc 1 73 5 is_stmt 1 view .LVU59
 201 0052 9020     		movs	r0, #144
 202 0054 03A9     		add	r1, sp, #12
 203 0056 C005     		lsls	r0, r0, #23
 204 0058 FFF7FEFF 		bl	HAL_GPIO_Init
 205              	.LVL7:
 206              		.loc 1 79 1 is_stmt 0 view .LVU60
 207 005c DCE7     		b	.L6
 208              	.L10:
 209 005e C046     		.align	2
 210              	.L9:
 211 0060 00440040 		.word	1073759232
 212 0064 00100240 		.word	1073876992
 213 0068 04800000 		.word	32772
 214              		.cfi_endproc
 215              	.LFE41:
 217              		.section	.text.HAL_UART_MspDeInit,"ax",%progbits
 218              		.align	1
 219              		.global	HAL_UART_MspDeInit
 220              		.syntax unified
 221              		.code	16
 222              		.thumb_func
 223              		.fpu softvfp
 225              	HAL_UART_MspDeInit:
 226              	.LVL8:
 227              	.LFB42:
  80:Core/Src/usart.c **** 
  81:Core/Src/usart.c **** void HAL_UART_MspDeInit(UART_HandleTypeDef* uartHandle)
  82:Core/Src/usart.c **** {
 228              		.loc 1 82 1 is_stmt 1 view -0
 229              		.cfi_startproc
 230              		@ args = 0, pretend = 0, frame = 0
 231              		@ frame_needed = 0, uses_anonymous_args = 0
 232              		.loc 1 82 1 is_stmt 0 view .LVU62
 233 0000 10B5     		push	{r4, lr}
 234              	.LCFI3:
 235              		.cfi_def_cfa_offset 8
 236              		.cfi_offset 4, -8
 237              		.cfi_offset 14, -4
  83:Core/Src/usart.c **** 
  84:Core/Src/usart.c ****   if(uartHandle->Instance==USART2)
 238              		.loc 1 84 3 is_stmt 1 view .LVU63
 239              		.loc 1 84 16 is_stmt 0 view .LVU64
ARM GAS  C:\Users\Edwin\AppData\Local\Temp\ccq7UxV9.s 			page 7


 240 0002 0268     		ldr	r2, [r0]
 241              		.loc 1 84 5 view .LVU65
 242 0004 074B     		ldr	r3, .L14
 243 0006 9A42     		cmp	r2, r3
 244 0008 00D0     		beq	.L13
 245              	.LVL9:
 246              	.L11:
  85:Core/Src/usart.c ****   {
  86:Core/Src/usart.c ****   /* USER CODE BEGIN USART2_MspDeInit 0 */
  87:Core/Src/usart.c **** 
  88:Core/Src/usart.c ****   /* USER CODE END USART2_MspDeInit 0 */
  89:Core/Src/usart.c ****     /* Peripheral clock disable */
  90:Core/Src/usart.c ****     __HAL_RCC_USART2_CLK_DISABLE();
  91:Core/Src/usart.c **** 
  92:Core/Src/usart.c ****     /**USART2 GPIO Configuration
  93:Core/Src/usart.c ****     PA2     ------> USART2_TX
  94:Core/Src/usart.c ****     PA15     ------> USART2_RX
  95:Core/Src/usart.c ****     */
  96:Core/Src/usart.c ****     HAL_GPIO_DeInit(GPIOA, VCP_TX_Pin|VCP_RX_Pin);
  97:Core/Src/usart.c **** 
  98:Core/Src/usart.c ****   /* USER CODE BEGIN USART2_MspDeInit 1 */
  99:Core/Src/usart.c **** 
 100:Core/Src/usart.c ****   /* USER CODE END USART2_MspDeInit 1 */
 101:Core/Src/usart.c ****   }
 102:Core/Src/usart.c **** }
 247              		.loc 1 102 1 view .LVU66
 248              		@ sp needed
 249 000a 10BD     		pop	{r4, pc}
 250              	.LVL10:
 251              	.L13:
  90:Core/Src/usart.c **** 
 252              		.loc 1 90 5 is_stmt 1 view .LVU67
 253 000c 064A     		ldr	r2, .L14+4
 254 000e D369     		ldr	r3, [r2, #28]
 255 0010 0649     		ldr	r1, .L14+8
 256 0012 0B40     		ands	r3, r1
 257 0014 D361     		str	r3, [r2, #28]
  96:Core/Src/usart.c **** 
 258              		.loc 1 96 5 view .LVU68
 259 0016 9020     		movs	r0, #144
 260              	.LVL11:
  96:Core/Src/usart.c **** 
 261              		.loc 1 96 5 is_stmt 0 view .LVU69
 262 0018 0549     		ldr	r1, .L14+12
 263 001a C005     		lsls	r0, r0, #23
 264 001c FFF7FEFF 		bl	HAL_GPIO_DeInit
 265              	.LVL12:
 266              		.loc 1 102 1 view .LVU70
 267 0020 F3E7     		b	.L11
 268              	.L15:
 269 0022 C046     		.align	2
 270              	.L14:
 271 0024 00440040 		.word	1073759232
 272 0028 00100240 		.word	1073876992
 273 002c FFFFFDFF 		.word	-131073
 274 0030 04800000 		.word	32772
 275              		.cfi_endproc
ARM GAS  C:\Users\Edwin\AppData\Local\Temp\ccq7UxV9.s 			page 8


 276              	.LFE42:
 278              		.comm	huart2,132,4
 279              		.text
 280              	.Letext0:
 281              		.file 2 "c:\\program files (x86)\\gnu arm embedded toolchain\\9 2020-q2-update\\arm-none-eabi\\inc
 282              		.file 3 "c:\\program files (x86)\\gnu arm embedded toolchain\\9 2020-q2-update\\arm-none-eabi\\inc
 283              		.file 4 "Drivers/CMSIS/Device/ST/STM32F0xx/Include/system_stm32f0xx.h"
 284              		.file 5 "Drivers/CMSIS/Device/ST/STM32F0xx/Include/stm32f042x6.h"
 285              		.file 6 "Drivers/STM32F0xx_HAL_Driver/Inc/stm32f0xx_hal_def.h"
 286              		.file 7 "Drivers/STM32F0xx_HAL_Driver/Inc/stm32f0xx_hal_gpio.h"
 287              		.file 8 "Drivers/STM32F0xx_HAL_Driver/Inc/stm32f0xx_hal_dma.h"
 288              		.file 9 "Drivers/STM32F0xx_HAL_Driver/Inc/stm32f0xx_hal_uart.h"
 289              		.file 10 "Drivers/STM32F0xx_HAL_Driver/Inc/stm32f0xx_hal.h"
 290              		.file 11 "Core/Inc/usart.h"
 291              		.file 12 "Core/Inc/main.h"
 292              		.file 13 "<built-in>"
ARM GAS  C:\Users\Edwin\AppData\Local\Temp\ccq7UxV9.s 			page 9


DEFINED SYMBOLS
                            *ABS*:00000000 usart.c
C:\Users\Edwin\AppData\Local\Temp\ccq7UxV9.s:16     .text.MX_USART2_UART_Init:00000000 $t
C:\Users\Edwin\AppData\Local\Temp\ccq7UxV9.s:24     .text.MX_USART2_UART_Init:00000000 MX_USART2_UART_Init
C:\Users\Edwin\AppData\Local\Temp\ccq7UxV9.s:92     .text.MX_USART2_UART_Init:00000034 $d
                            *COM*:00000084 huart2
C:\Users\Edwin\AppData\Local\Temp\ccq7UxV9.s:98     .text.HAL_UART_MspInit:00000000 $t
C:\Users\Edwin\AppData\Local\Temp\ccq7UxV9.s:105    .text.HAL_UART_MspInit:00000000 HAL_UART_MspInit
C:\Users\Edwin\AppData\Local\Temp\ccq7UxV9.s:211    .text.HAL_UART_MspInit:00000060 $d
C:\Users\Edwin\AppData\Local\Temp\ccq7UxV9.s:218    .text.HAL_UART_MspDeInit:00000000 $t
C:\Users\Edwin\AppData\Local\Temp\ccq7UxV9.s:225    .text.HAL_UART_MspDeInit:00000000 HAL_UART_MspDeInit
C:\Users\Edwin\AppData\Local\Temp\ccq7UxV9.s:271    .text.HAL_UART_MspDeInit:00000024 $d

UNDEFINED SYMBOLS
HAL_UART_Init
Error_Handler
memset
HAL_GPIO_Init
HAL_GPIO_DeInit
